
ROM used:   1131/7936 (14%)
            1131/7936 (14%) including unused fragments

            1.5 Average locations per line
            25.7 Average locations per statement

RAM used:   33/357 (9%) at main() level
            56/357 (16%) worst case

Stack used: 3 worst case (1 in main + 2 for interrupts)
Stack size: 7

Lines Stmts  %   Files
----- ----- ---  -----
   91    44 100  codigo.c
  661     0   0  ..\..\PROGRA~2\PICC\devices\16F877a.h
----- -----
  752    44 Total

Page ROM  %  RAM   Vol Diff  Functions:
---- --- --- ---   --- ----  ----------
0     23   2    1             @delay_ms1
0     23   2    0   110  2.9  interrupcionTimer0
0     81   7    1   305  4.0  interrupcionSensor
0     14   1    0             @const630
0     86   8    5             @PSTRINGCN7_9600_62_63
0    118  10    9             @PRINTF_LD_9600_62_63
0     15   1    0             @const635
0    187  17    4   580  3.8  MAIN
0     31   3    2             @ITOF
0    117  10   13             @MULFF
0    204  18   14             @DIVFF
 Inline        13             @MUL3232
 Inline        13             @DIV3232
0    178  16    3             @PWM_SET_DUTY_PERCENT_HW_1
 Inline         0             @cinit1

Program metrics:
    Functions               3
    Statements              44
    Comments                123
    Volume (V)              1282
    Difficulty (D)          9.6
    Effort to implement (E) 12335
    Time to implement (T)   11 minutes
    Est Delivered Bugs (B)  0
    Cyclomatic Complexity   5
    Maintainability (MI)    72

 Segment     Used  Free
-----------  ----  ----
00000-00003     4  0  
00004-00035    50  0  
00036-007FF  1077  917  
00800-00FFF     0  2048  
01000-017FF     0  2048  
01800-01EFF     0  1792  



