
ROM used:   1182/8192 (14%)
            1182/8192 (14%) including unused fragments

            1.5 Average locations per line
            28.1 Average locations per statement

RAM used:   33/368 (9%) at main() level
            57/368 (15%) worst case

Stack used: 4 worst case (1 in main + 3 for interrupts)
Stack size: 8

Lines Stmts  %   Files
----- ----- ---  -----
   90    42 100  main.c
   12     0   0  main.h
  661     0   0  ..\..\..\Program Files (x86)\PICC\Devices\16F877A.h
----- -----
  763    42 Total

Page ROM  %  RAM   Vol Diff  Functions:
---- --- --- ---   --- ----  ----------
0     34   3    1             @PUTCHAR_1_
0     27   2    0   110  2.9  interrupcionTimer0
0     93   8    1   305  4.0  interrupcionSensor
0     14   1    0             @const633
0     84   7    5             @PSTRINGCN7_619
0    128  11    9             @PRINTF_LD_619
0     15   1    0             @const638
0    203  17    4   524  3.7  MAIN
0     31   3    2             @ITOF
0    117  10   13             @MULFF
0    204  17   14             @DIVFF
 Inline        13             @MUL3232
 Inline        13             @DIV3232
0    178  15    3             @PWM_SET_DUTY_PERCENT_HW_1
 Inline         0             @cinit1

Program metrics:
    Functions               3
    Statements              42
    Comments                138
    Volume (V)              1218
    Difficulty (D)          9.5
    Effort to implement (E) 11600
    Time to implement (T)   11 minutes
    Est Delivered Bugs (B)  0
    Cyclomatic Complexity   5
    Maintainability (MI)    52

 Segment     Used  Free
-----------  ----  ----
00000-00003     4  0  
00004-00035    50  0  
00036-007FF  1128  866  
00800-00FFF     0  2048  
01000-017FF     0  2048  
01800-01FFF     0  2048  



