
ROM used: 905 (11%)
          905 (11%) including unused fragments

          2 Average locations per line
          22 Average locations per statement

RAM used: 35 (10%) at main() level
          59 (16%) worst case

Stack used: 3 worst case (out of 6 total available)

Lines Stmts  %   Files
----- ----- ---  -----
   81    42 100  C:\ProyectosMPLABWindows\practica1pic16f887\codigo1.c
  410     0   0  C:\PROGRA~2\PICC\devices\16f887.h
----- -----
  491    42 Total

Page ROM  %  RAM   Vol Diff  Functions:
---- --- --- ---   --- ----  ----------
0     23   3   1             @delay_ms1
0     23   3   0   110  2.9  interrupcionTimer0
0     71   8   1   233  3.5  interrupcionSensor
0     23   3   0             @const58
0    118  13   9             @PRINTF_LD_9600_62_63
0     20   2   0             @const61
0    217  24   4   668  4.3  MAIN
0     31   3   2             @ITOF
0    117  13  13             @MULFF
0    204  23  14             @DIVFF

Program metrics:
    Functions               3
    Statements              42
    Comments                90
    Volume (V)              1275
    Difficilty (D)          10.2
    Effort to implement (E) 12961
    Time to implement (T)   12 minutes
    Est Delivered Bugs (B)  0
    Cyclomatic Complexity   3
    Maintainability (MI)    137

 Segment     Used  Free
-----------  ----  ----
00000-00003     4  0  
00004-00039    54  0  
0003A-007FF   847  1143  
00800-00FFF     0  2048  
01000-017FF     0  2048  
01800-01FFF     0  2048  



